#
# A fatal error has been detected by the Java Runtime Environment:
#
#  EXCEPTION_ACCESS_VIOLATION (0xc0000005) at pc=0x000000005683bd0d, pid=860, tid=0x00000000000011f8
#
# JRE version: OpenJDK Runtime Environment (8.0_112-b06) (build 1.8.0_112-release-b06)
# Java VM: OpenJDK 64-Bit Server VM (25.112-b06 mixed mode windows-amd64 compressed oops)
# Problematic frame:
# C  [gdx-box2d64.dll+0xbd0d]
#
# Failed to write core dump. Minidumps are not enabled by default on client versions of Windows
#
# If you would like to submit a bug report, please visit:
#   http://bugreport.java.com/bugreport/crash.jsp
# The crash happened outside the Java Virtual Machine in native code.
# See problematic frame for where to report the bug.
#

---------------  T H R E A D  ---------------

Current thread (0x0000000057611800):  JavaThread "LWJGL Application" [_thread_in_native, id=4600, stack(0x00000000580b0000,0x00000000581b0000)]

siginfo: ExceptionCode=0xc0000005, reading address 0x00000002005615e0

Registers:
RAX=0x00000002005615e0, RBX=0x0000000000532ef0, RCX=0x0000000000532ec0, RDX=0x00000000000000b8
RSP=0x00000000581ae870, RBP=0x0000000000000006, RSI=0x0000000000532ec0, RDI=0x00000000581ae930
R8 =0x0000000000532ec0, R9 =0x0000000000000002, R10=0x0000000000000000, R11=0x0000000000000001
R12=0x0000000000000000, R13=0x000000005c206fa8, R14=0x00000000581aeb20, R15=0x0000000057611800
RIP=0x000000005683bd0d, EFLAGS=0x0000000000010202

Top of Stack: (sp=0x00000000581ae870)
0x00000000581ae870:   000000005c206fa8 0000000057611800
0x00000000581ae880:   0000000066d6bad8 000000005772f1d0
0x00000000581ae890:   0000000000000012 0000000000532ec0
0x00000000581ae8a0:   0000000054320480 00000000581ae930
0x00000000581ae8b0:   00000000581aea78 0000000000000000
0x00000000581ae8c0:   000000005c206fa8 0000000056852483
0x00000000581ae8d0:   00000000581ae970 00000000581ae970
0x00000000581ae8e0:   0000000000000003 000000005c206fa8
0x00000000581ae8f0:   0000000000000001 0000000054320480
0x00000000581ae900:   0000000000068520 0000000056858616
0x00000000581ae910:   0000000000000000 0000000000068520
0x00000000581ae920:   00000000581aea78 00000000024c54d8
0x00000000581ae930:   40fce0a300000002 000000003f43d6fc
0x00000000581ae940:   0000000000000000 0000000000000000
0x00000000581ae950:   0000010100000000 00000000581aeb01
0x00000000581ae960:   0000000000000000 000000003f800000 

Instructions: (pc=0x000000005683bd0d)
0x000000005683bced:   48 8d 05 6c a3 05 00 0f b6 1c 18 80 fb 0d 0f b6
0x000000005683bcfd:   eb 77 21 48 8d 1c de 48 8b 43 10 48 85 c0 74 3a
0x000000005683bd0d:   48 8b 10 48 89 53 10 48 83 c4 28 5b 5e 5f 5d 41
0x000000005683bd1d:   5c 41 5d c3 48 8d 15 18 9e 04 00 48 8d 0d 99 9e 


Register to memory mapping:

RAX=0x00000002005615e0 is an unknown value
RBX=0x0000000000532ef0 is an unknown value
RCX=0x0000000000532ec0 is an unknown value
RDX=0x00000000000000b8 is an unknown value
RSP=0x00000000581ae870 is pointing into the stack for thread: 0x0000000057611800
RBP=0x0000000000000006 is an unknown value
RSI=0x0000000000532ec0 is an unknown value
RDI=0x00000000581ae930 is pointing into the stack for thread: 0x0000000057611800
R8 =0x0000000000532ec0 is an unknown value
R9 =0x0000000000000002 is an unknown value
R10=0x0000000000000000 is an unknown value
R11=0x0000000000000001 is an unknown value
R12=0x0000000000000000 is an unknown value
R13={method} {0x000000005c206fb0} 'jniCreateBody' '(JIFFFFFFFFZZZZZF)J' in 'com/badlogic/gdx/physics/box2d/World'
R14=0x00000000581aeb20 is pointing into the stack for thread: 0x0000000057611800
R15=0x0000000057611800 is a thread


Stack: [0x00000000580b0000,0x00000000581b0000],  sp=0x00000000581ae870,  free space=1018k
Native frames: (J=compiled Java code, j=interpreted, Vv=VM code, C=native code)
C  [gdx-box2d64.dll+0xbd0d]
C  [gdx-box2d64.dll+0x22483]
C  [gdx-box2d64.dll+0x28616]
C  0x00000000024d7c94

Java frames: (J=compiled Java code, j=interpreted, Vv=VM code)
j  com.badlogic.gdx.physics.box2d.World.jniCreateBody(JIFFFFFFFFZZZZZF)J+0
j  com.badlogic.gdx.physics.box2d.World.createBody(Lcom/badlogic/gdx/physics/box2d/BodyDef;)Lcom/badlogic/gdx/physics/box2d/Body;+80
j  com.mygdx.game.HittingTools.FreezBullet.defItem()V+37
j  com.mygdx.game.Items.Item.<init>(Lcom/mygdx/game/PlayerScreen;FF)V+24
j  com.mygdx.game.HittingTools.FreezBullet.<init>(Lcom/mygdx/game/PlayerScreen;FF)V+4
J 1462 C1 com.mygdx.game.PlayerScreen.HandleInput(F)V (395 bytes) @ 0x0000000002a4119c [0x0000000002a406e0+0xabc]
J 1303 C1 com.mygdx.game.PlayerScreen.update(F)V (332 bytes) @ 0x00000000029c1c7c [0x00000000029c1a80+0x1fc]
J 1305 C1 com.mygdx.game.PlayerScreen.render(F)V (420 bytes) @ 0x00000000029c9dcc [0x00000000029c9d40+0x8c]
j  com.badlogic.gdx.Game.render()V+19
j  com.mygdx.game.SpaceGame.render()V+1
j  com.badlogic.gdx.backends.lwjgl.LwjglApplication.mainLoop()V+698
j  com.badlogic.gdx.backends.lwjgl.LwjglApplication$1.run()V+27
v  ~StubRoutines::call_stub

---------------  P R O C E S S  ---------------

Java Threads: ( => current thread )
  0x000000005794d800 JavaThread "LWJGL Timer" daemon [_thread_blocked, id=4604, stack(0x000000005b990000,0x000000005ba90000)]
  0x000000005780a800 JavaThread "AsynchExecutor-Thread" daemon [_thread_blocked, id=4708, stack(0x000000005b430000,0x000000005b530000)]
  0x0000000001ff8000 JavaThread "DestroyJavaVM" [_thread_blocked, id=5084, stack(0x00000000020f0000,0x00000000021f0000)]
=>0x0000000057611800 JavaThread "LWJGL Application" [_thread_in_native, id=4600, stack(0x00000000580b0000,0x00000000581b0000)]
  0x00000000565e4000 JavaThread "Monitor Ctrl-Break" daemon [_thread_in_native, id=1888, stack(0x00000000570b0000,0x00000000571b0000)]
  0x00000000564b0800 JavaThread "Service Thread" daemon [_thread_blocked, id=908, stack(0x0000000056b60000,0x0000000056c60000)]
  0x0000000056476000 JavaThread "C1 CompilerThread2" daemon [_thread_blocked, id=3824, stack(0x0000000056a50000,0x0000000056b50000)]
  0x0000000056434800 JavaThread "C2 CompilerThread1" daemon [_thread_blocked, id=2096, stack(0x0000000056920000,0x0000000056a20000)]
  0x0000000054d1e800 JavaThread "C2 CompilerThread0" daemon [_thread_blocked, id=4516, stack(0x0000000055ef0000,0x0000000055ff0000)]
  0x0000000054d1a800 JavaThread "Attach Listener" daemon [_thread_blocked, id=2004, stack(0x0000000056330000,0x0000000056430000)]
  0x0000000054d18800 JavaThread "Signal Dispatcher" daemon [_thread_blocked, id=376, stack(0x00000000561a0000,0x00000000562a0000)]
  0x0000000054cf3000 JavaThread "Finalizer" daemon [_thread_blocked, id=2236, stack(0x0000000056010000,0x0000000056110000)]
  0x0000000054cb2000 JavaThread "Reference Handler" daemon [_thread_blocked, id=4128, stack(0x0000000055c30000,0x0000000055d30000)]

Other Threads:
  0x0000000054ca9800 VMThread [stack: 0x0000000055d90000,0x0000000055e90000] [id=3272]
  0x00000000564c1800 WatcherThread [stack: 0x0000000056d80000,0x0000000056e80000] [id=3760]

VM state:not at safepoint (normal execution)

VM Mutex/Monitor currently owned by a thread: None

Heap:
 PSYoungGen      total 18944K, used 18386K [0x00000000eb500000, 0x00000000eda00000, 0x0000000100000000)
  eden space 16384K, 96% used [0x00000000eb500000,0x00000000ec47b248,0x00000000ec500000)
  from space 2560K, 98% used [0x00000000ec500000,0x00000000ec779998,0x00000000ec780000)
  to   space 2560K, 0% used [0x00000000ed780000,0x00000000ed780000,0x00000000eda00000)
 ParOldGen       total 44032K, used 495K [0x00000000c1e00000, 0x00000000c4900000, 0x00000000eb500000)
  object space 44032K, 1% used [0x00000000c1e00000,0x00000000c1e7bee0,0x00000000c4900000)
 Metaspace       used 10103K, capacity 10291K, committed 10496K, reserved 1058816K
  class space    used 933K, capacity 1016K, committed 1024K, reserved 1048576K

Card table byte_map: [0x0000000011880000,0x0000000011a80000] byte_map_base: 0x0000000011271000

Marking Bits: (ParMarkBitMap*) 0x0000000066f318f0
 Begin Bits: [0x0000000012210000, 0x0000000013198000)
 End Bits:   [0x0000000013198000, 0x0000000014120000)

Polling page: 0x0000000000160000

CodeCache: size=245760Kb used=5678Kb max_used=5692Kb free=240081Kb
 bounds [0x00000000024c0000, 0x0000000002a60000, 0x00000000114c0000]
 total_blobs=2008 nmethods=1482 adapters=440
 compilation: enabled

Compilation events (10 events):
Event: 7.174 Thread 0x0000000056476000 1478       1       java.util.Formatter::access$300 (5 bytes)
Event: 7.174 Thread 0x0000000056476000 nmethod 1478 0x0000000002a4b5d0 code [0x0000000002a4b720, 0x0000000002a4b810]
Event: 7.175 Thread 0x0000000056476000 1479       1       java.util.Formatter::access$000 (5 bytes)
Event: 7.175 Thread 0x0000000056476000 nmethod 1479 0x0000000002a4b890 code [0x0000000002a4b9e0, 0x0000000002a4bad0]
Event: 7.175 Thread 0x0000000056434800 1480       4       com.badlogic.gdx.graphics.glutils.VertexArray::bind (347 bytes)
Event: 7.215 Thread 0x0000000056434800 nmethod 1480 0x0000000002a4fd90 code [0x0000000002a4ffc0, 0x0000000002a51588]
Event: 7.256 Thread 0x0000000054d1e800 1481       4       com.badlogic.gdx.physics.box2d.Body::getLinearVelocity (43 bytes)
Event: 7.257 Thread 0x0000000054d1e800 nmethod 1481 0x0000000002a4cd50 code [0x0000000002a4cea0, 0x0000000002a4cf88]
Event: 7.272 Thread 0x0000000056476000 1482       3       java.util.ArrayList::grow (45 bytes)
Event: 7.273 Thread 0x0000000056476000 nmethod 1482 0x0000000002a4c4d0 code [0x0000000002a4c660, 0x0000000002a4cb38]

GC Heap History (2 events):
Event: 1.412 GC heap before
{Heap before GC invocations=1 (full 0):
 PSYoungGen      total 18944K, used 16356K [0x00000000eb500000, 0x00000000eca00000, 0x0000000100000000)
  eden space 16384K, 99% used [0x00000000eb500000,0x00000000ec4f9138,0x00000000ec500000)
  from space 2560K, 0% used [0x00000000ec780000,0x00000000ec780000,0x00000000eca00000)
  to   space 2560K, 0% used [0x00000000ec500000,0x00000000ec500000,0x00000000ec780000)
 ParOldGen       total 44032K, used 0K [0x00000000c1e00000, 0x00000000c4900000, 0x00000000eb500000)
  object space 44032K, 0% used [0x00000000c1e00000,0x00000000c1e00000,0x00000000c4900000)
 Metaspace       used 7019K, capacity 7139K, committed 7424K, reserved 1056768K
  class space    used 644K, capacity 688K, committed 768K, reserved 1048576K
Event: 1.434 GC heap after
Heap after GC invocations=1 (full 0):
 PSYoungGen      total 18944K, used 2534K [0x00000000eb500000, 0x00000000eda00000, 0x0000000100000000)
  eden space 16384K, 0% used [0x00000000eb500000,0x00000000eb500000,0x00000000ec500000)
  from space 2560K, 98% used [0x00000000ec500000,0x00000000ec779998,0x00000000ec780000)
  to   space 2560K, 0% used [0x00000000ed780000,0x00000000ed780000,0x00000000eda00000)
 ParOldGen       total 44032K, used 495K [0x00000000c1e00000, 0x00000000c4900000, 0x00000000eb500000)
  object space 44032K, 1% used [0x00000000c1e00000,0x00000000c1e7bee0,0x00000000c4900000)
 Metaspace       used 7019K, capacity 7139K, committed 7424K, reserved 1056768K
  class space    used 644K, capacity 688K, committed 768K, reserved 1048576K
}

Deoptimization events (10 events):
Event: 3.141 Thread 0x0000000057611800 Uncommon trap: reason=predicate action=maybe_recompile pc=0x000000000292991c method=javazoom.jl.decoder.LayerIIIDecoder.dequantize_sample([[FII)V @ 381
Event: 4.122 Thread 0x0000000057611800 Uncommon trap: reason=array_check action=maybe_recompile pc=0x000000000299f23c method=com.badlogic.gdx.utils.Array.add(Ljava/lang/Object;)V @ 46
Event: 5.273 Thread 0x0000000057611800 Uncommon trap: reason=array_check action=maybe_recompile pc=0x000000000299f23c method=com.badlogic.gdx.utils.Array.add(Ljava/lang/Object;)V @ 46
Event: 6.757 Thread 0x0000000057611800 Uncommon trap: reason=unstable_if action=reinterpret pc=0x0000000002a049f0 method=com.badlogic.gdx.physics.box2d.Box2DDebugRenderer.getColorByBody(Lcom/badlogic/gdx/physics/box2d/Body;)Lcom/badlogic/gdx/graphics/Color; @ 46
Event: 6.757 Thread 0x0000000057611800 Uncommon trap: reason=unstable_if action=reinterpret pc=0x00000000029c91e4 method=com.badlogic.gdx.physics.box2d.Box2DDebugRenderer.getColorByBody(Lcom/badlogic/gdx/physics/box2d/Body;)Lcom/badlogic/gdx/graphics/Color; @ 46
Event: 6.856 Thread 0x0000000057611800 Uncommon trap: reason=array_check action=maybe_recompile pc=0x000000000299f23c method=com.badlogic.gdx.utils.Array.add(Ljava/lang/Object;)V @ 46
Event: 6.858 Thread 0x0000000057611800 Uncommon trap: reason=unstable_if action=reinterpret pc=0x00000000029a6888 method=com.badlogic.gdx.utils.Array$ArrayIterable.iterator()Ljava/util/Iterator; @ 4
Event: 6.858 Thread 0x0000000057611800 Uncommon trap: reason=unstable_if action=reinterpret pc=0x00000000029fdf6c method=com.badlogic.gdx.physics.box2d.Fixture.getShape()Lcom/badlogic/gdx/physics/box2d/Shape; @ 4
Event: 6.859 Thread 0x0000000057611800 Uncommon trap: reason=unstable_if action=reinterpret pc=0x0000000002a1d2cc method=com.badlogic.gdx.graphics.g2d.Sprite.getVertices()[F @ 4
Event: 7.356 Thread 0x0000000057611800 Uncommon trap: reason=array_check action=maybe_recompile pc=0x000000000299f23c method=com.badlogic.gdx.utils.Array.add(Ljava/lang/Object;)V @ 46

Internal exceptions (10 events):
Event: 0.790 Thread 0x0000000001ff8000 Exception <a 'java/security/PrivilegedActionException'> (0x00000000eb975808) thrown at [C:\src\android\AOSP-openjdk\external\jetbrains\jdk\hotspot\src\share\vm\prims\jvm.cpp, line 1390]
Event: 0.790 Thread 0x0000000001ff8000 Exception <a 'java/security/PrivilegedActionException'> (0x00000000eb9774e0) thrown at [C:\src\android\AOSP-openjdk\external\jetbrains\jdk\hotspot\src\share\vm\prims\jvm.cpp, line 1390]
Event: 0.791 Thread 0x0000000001ff8000 Exception <a 'java/security/PrivilegedActionException'> (0x00000000eb978650) thrown at [C:\src\android\AOSP-openjdk\external\jetbrains\jdk\hotspot\src\share\vm\prims\jvm.cpp, line 1390]
Event: 0.791 Thread 0x0000000001ff8000 Exception <a 'java/security/PrivilegedActionException'> (0x00000000eb97d7d0) thrown at [C:\src\android\AOSP-openjdk\external\jetbrains\jdk\hotspot\src\share\vm\prims\jvm.cpp, line 1390]
Event: 0.791 Thread 0x0000000001ff8000 Exception <a 'java/security/PrivilegedActionException'> (0x00000000eb97e428) thrown at [C:\src\android\AOSP-openjdk\external\jetbrains\jdk\hotspot\src\share\vm\prims\jvm.cpp, line 1390]
Event: 0.791 Thread 0x0000000001ff8000 Exception <a 'java/security/PrivilegedActionException'> (0x00000000eb97f050) thrown at [C:\src\android\AOSP-openjdk\external\jetbrains\jdk\hotspot\src\share\vm\prims\jvm.cpp, line 1390]
Event: 2.136 Thread 0x0000000057611800 Exception <a 'java/lang/NoSuchFieldError': method resolution failed> (0x00000000eba8d750) thrown at [C:\src\android\AOSP-openjdk\external\jetbrains\jdk\hotspot\src\share\vm\prims\methodHandles.cpp, line 1146]
Event: 2.149 Thread 0x0000000057611800 Exception <a 'java/lang/NoSuchFieldError': method resolution failed> (0x00000000eba9ae10) thrown at [C:\src\android\AOSP-openjdk\external\jetbrains\jdk\hotspot\src\share\vm\prims\methodHandles.cpp, line 1146]
Event: 6.858 Thread 0x0000000057611800 Implicit null exception at 0x00000000029a6820 to 0x00000000029a6875
Event: 6.858 Thread 0x0000000057611800 Implicit null exception at 0x00000000029fbc2c to 0x00000000029fdf4d

Events (10 events):
Event: 6.858 Thread 0x0000000057611800 DEOPT UNPACKING pc=0x000000000250556a sp=0x00000000581aec90 mode 2
Event: 6.858 Thread 0x0000000057611800 Uncommon trap: trap_request=0xffffff65 fr.pc=0x00000000029fdf6c
Event: 6.858 Thread 0x0000000057611800 DEOPT PACKING pc=0x00000000029fdf6c sp=0x00000000581aecc0
Event: 6.858 Thread 0x0000000057611800 DEOPT UNPACKING pc=0x000000000250556a sp=0x00000000581aebf0 mode 2
Event: 6.859 Thread 0x0000000057611800 Uncommon trap: trap_request=0xffffff65 fr.pc=0x0000000002a1d2cc
Event: 6.859 Thread 0x0000000057611800 DEOPT PACKING pc=0x0000000002a1d2cc sp=0x00000000581aee00
Event: 6.859 Thread 0x0000000057611800 DEOPT UNPACKING pc=0x000000000250556a sp=0x00000000581aece8 mode 2
Event: 7.356 Thread 0x0000000057611800 Uncommon trap: trap_request=0xffffffd6 fr.pc=0x000000000299f23c
Event: 7.356 Thread 0x0000000057611800 DEOPT PACKING pc=0x000000000299f23c sp=0x00000000581aeea0
Event: 7.356 Thread 0x0000000057611800 DEOPT UNPACKING pc=0x000000000250556a sp=0x00000000581aee30 mode 2


Dynamic libraries:
0x000000013f4b0000 - 0x000000013f4e1000 	D:\Program Files\Android\Android Studio\jre\bin\java.exe
0x0000000077aa0000 - 0x0000000077c4a000 	D:\Windows\SYSTEM32\ntdll.dll
0x000007feecae0000 - 0x000007feecb14000 	D:\Program Files\AVAST Software\Avast\x64\aswhooka.dll
0x0000000077980000 - 0x0000000077a9f000 	D:\Windows\system32\kernel32.dll
0x000007fefdb70000 - 0x000007fefdbda000 	D:\Windows\system32\KERNELBASE.dll
0x000007fefe620000 - 0x000007fefe6fb000 	D:\Windows\system32\ADVAPI32.dll
0x000007fefe700000 - 0x000007fefe79f000 	D:\Windows\system32\msvcrt.dll
0x000007feffcf0000 - 0x000007feffd0f000 	D:\Windows\SYSTEM32\sechost.dll
0x000007fefe2e0000 - 0x000007fefe40d000 	D:\Windows\system32\RPCRT4.dll
0x0000000077880000 - 0x000000007797a000 	D:\Windows\system32\USER32.dll
0x000007fefde50000 - 0x000007fefdeb7000 	D:\Windows\system32\GDI32.dll
0x000007feff550000 - 0x000007feff55e000 	D:\Windows\system32\LPK.dll
0x000007feffc20000 - 0x000007feffce9000 	D:\Windows\system32\USP10.dll
0x000007fefbd10000 - 0x000007fefbf04000 	D:\Windows\WinSxS\amd64_microsoft.windows.common-controls_6595b64144ccf1df_6.0.7601.18837_none_fa3b1e3d17594757\COMCTL32.dll
0x000007feffa70000 - 0x000007feffae1000 	D:\Windows\system32\SHLWAPI.dll
0x000007fefdc10000 - 0x000007fefdc3e000 	D:\Windows\system32\IMM32.DLL
0x000007fefe1c0000 - 0x000007fefe2c9000 	D:\Windows\system32\MSCTF.dll
0x000000006a1a0000 - 0x000000006a272000 	D:\Program Files\Android\Android Studio\jre\jre\bin\msvcr100.dll
0x0000000066770000 - 0x0000000066fac000 	D:\Program Files\Android\Android Studio\jre\jre\bin\server\jvm.dll
0x000007fefaf70000 - 0x000007fefaf79000 	D:\Windows\system32\WSOCK32.dll
0x000007feffaf0000 - 0x000007feffb3d000 	D:\Windows\system32\WS2_32.dll
0x000007fefe2d0000 - 0x000007fefe2d8000 	D:\Windows\system32\NSI.dll
0x000007fefc1a0000 - 0x000007fefc1db000 	D:\Windows\system32\WINMM.dll
0x000007fefc940000 - 0x000007fefc94c000 	D:\Windows\system32\VERSION.dll
0x0000000077c60000 - 0x0000000077c67000 	D:\Windows\system32\PSAPI.DLL
0x000007fee8fb0000 - 0x000007fee8fbf000 	D:\Program Files\Android\Android Studio\jre\jre\bin\verify.dll
0x000007fee8f80000 - 0x000007fee8fa9000 	D:\Program Files\Android\Android Studio\jre\jre\bin\java.dll
0x000007fee8eb0000 - 0x000007fee8ec6000 	D:\Program Files\Android\Android Studio\jre\jre\bin\zip.dll
0x000007fefe7a0000 - 0x000007feff52a000 	D:\Windows\system32\SHELL32.dll
0x000007fefdc40000 - 0x000007fefde43000 	D:\Windows\system32\ole32.dll
0x000007fefd860000 - 0x000007fefd86f000 	D:\Windows\system32\profapi.dll
0x000007fef82d0000 - 0x000007fef82df000 	D:\Program Files\Android\Android Studio\bin\breakgen64.dll
0x000007fee8e90000 - 0x000007fee8eaa000 	D:\Program Files\Android\Android Studio\jre\jre\bin\net.dll
0x000007fefcff0000 - 0x000007fefd045000 	D:\Windows\system32\mswsock.dll
0x000007fefcfe0000 - 0x000007fefcfe7000 	D:\Windows\System32\wship6.dll
0x0000000065580000 - 0x0000000065616000 	D:\Users\tim\AppData\Local\Temp\libgdxtim\12dfaa03\gdx64.dll
0x000007fefd520000 - 0x000007fefd537000 	D:\Windows\system32\CRYPTSP.dll
0x000007fefcd50000 - 0x000007fefcd97000 	D:\Windows\system32\rsaenh.dll
0x000007fefd980000 - 0x000007fefd99e000 	D:\Windows\system32\USERENV.dll
0x000007fefd6b0000 - 0x000007fefd6bf000 	D:\Windows\system32\CRYPTBASE.dll
0x000007fefa520000 - 0x000007fefa547000 	D:\Windows\system32\IPHLPAPI.DLL
0x000007fefa510000 - 0x000007fefa51b000 	D:\Windows\system32\WINNSI.DLL
0x000007fefa370000 - 0x000007fefa388000 	D:\Windows\system32\dhcpcsvc.DLL
0x000007fefa350000 - 0x000007fefa361000 	D:\Windows\system32\dhcpcsvc6.DLL
0x000007fee8dd0000 - 0x000007fee8de1000 	D:\Program Files\Android\Android Studio\jre\jre\bin\nio.dll
0x0000000180000000 - 0x0000000180053000 	D:\Users\tim\AppData\Local\Temp\libgdxtim\dc0f0009\lwjgl64.dll
0x000007feece70000 - 0x000007feecf8d000 	D:\Windows\system32\OPENGL32.dll
0x000007feed450000 - 0x000007feed47d000 	D:\Windows\system32\GLU32.dll
0x000007feecd70000 - 0x000007feece61000 	D:\Windows\system32\DDRAW.dll
0x000007feef4d0000 - 0x000007feef4d8000 	D:\Windows\system32\DCIMAN32.dll
0x000007feff5c0000 - 0x000007feff797000 	D:\Windows\system32\SETUPAPI.dll
0x000007fefd9a0000 - 0x000007fefd9d6000 	D:\Windows\system32\CFGMGR32.dll
0x000007feffb40000 - 0x000007feffc17000 	D:\Windows\system32\OLEAUT32.dll
0x000007fefdbe0000 - 0x000007fefdbfa000 	D:\Windows\system32\DEVOBJ.dll
0x000007fefb880000 - 0x000007fefb898000 	D:\Windows\system32\dwmapi.dll
0x0000000001cc0000 - 0x0000000001d24000 	D:\Users\tim\AppData\Local\Temp\libgdxtim\dc0f0009\OpenAL64.dll
0x000007fefbc60000 - 0x000007fefbcb6000 	D:\Windows\system32\uxtheme.dll
0x000007feffd10000 - 0x000007feffda9000 	D:\Windows\system32\CLBCatQ.DLL
0x000007fefbff0000 - 0x000007fefc11c000 	D:\Windows\System32\PROPSYS.dll
0x000007fefd920000 - 0x000007fefd95a000 	D:\Windows\system32\WINTRUST.dll
0x000007fefd9f0000 - 0x000007fefdb5a000 	D:\Windows\system32\CRYPT32.dll
0x000007fefd850000 - 0x000007fefd85f000 	D:\Windows\system32\MSASN1.dll
0x000007fefc1e0000 - 0x000007fefc268000 	D:\Windows\system32\dsound.dll
0x000007fefc170000 - 0x000007fefc19c000 	D:\Windows\system32\POWRPROF.dll
0x000007fefc120000 - 0x000007fefc16b000 	D:\Windows\System32\MMDevApi.dll
0x000007fefbfa0000 - 0x000007fefbfef000 	D:\Windows\system32\AUDIOSES.DLL
0x000007fee0750000 - 0x000007fee0f81000 	D:\Windows\system32\ig7icd64.dll
0x000007fef6e40000 - 0x000007fef72a5000 	D:\Windows\system32\igdusc64.dll
0x000007fefc270000 - 0x000007fefc281000 	D:\Windows\system32\WTSAPI32.dll
0x000007fee8df0000 - 0x000007fee8e8c000 	D:\Windows\system32\mscms.dll
0x000007feec840000 - 0x000007feec882000 	D:\Windows\system32\icm32.dll
0x0000000056830000 - 0x00000000568eb000 	D:\Users\tim\AppData\Local\Temp\libgdxtim\54593449\gdx-box2d64.dll
0x000007fefae00000 - 0x000007fefaf25000 	D:\Windows\system32\dbghelp.dll

VM Arguments:
jvm_args: -Didea.launcher.port=7532 -Didea.launcher.bin.path=D:\Program Files\Android\Android Studio\bin -Dfile.encoding=UTF-8 
java_command: com.intellij.rt.execution.application.AppMain com.mygdx.game.desktop.DesktopLauncher
java_class_path (initial): D:\Program Files\Android\Android Studio\jre\jre\lib\charsets.jar;D:\Program Files\Android\Android Studio\jre\jre\lib\ext\access-bridge-64.jar;D:\Program Files\Android\Android Studio\jre\jre\lib\ext\cldrdata.jar;D:\Program Files\Android\Android Studio\jre\jre\lib\ext\dnsns.jar;D:\Program Files\Android\Android Studio\jre\jre\lib\ext\jaccess.jar;D:\Program Files\Android\Android Studio\jre\jre\lib\ext\localedata.jar;D:\Program Files\Android\Android Studio\jre\jre\lib\ext\nashorn.jar;D:\Program Files\Android\Android Studio\jre\jre\lib\ext\sunec.jar;D:\Program Files\Android\Android Studio\jre\jre\lib\ext\sunjce_provider.jar;D:\Program Files\Android\Android Studio\jre\jre\lib\ext\sunmscapi.jar;D:\Program Files\Android\Android Studio\jre\jre\lib\ext\sunpkcs11.jar;D:\Program Files\Android\Android Studio\jre\jre\lib\ext\zipfs.jar;D:\Program Files\Android\Android Studio\jre\jre\lib\jce.jar;D:\Program Files\Android\Android Studio\jre\jre\lib\jsse.jar;D:\Program Files\Android\Android Studio\jre\jre\lib\management-agent.jar;D:\Program Files\Android\Android Studio\jre\jre\lib\resources.jar;D:\Program Files\Android\Android Studio\jre\jre\lib\rt.jar;D:\Users\tim\Desktop\Game_Version(0.82)(FreezBulletContain)\desktop\build\classes\main;D:\Users\tim\Desktop\Game_Version(0.82)(FreezBulletContain)\core\build\classes\main;D:\Users\tim\.gradle\caches\modules-2\files-2.1\com.badlogicgames.gdx\gdx-backend-lwjgl\1.9.8\b7c138f14ed67ad830ae7597da3d86ae02b20eee\gdx-backend-lwjgl-1.9.8.jar;D:\Users\tim\.gradle\caches\modules-2\files-2.1\com.badlogicgames.gdx\gdx-platform\1.9.8\604a2ef2c7c92a5900114757cbd3fb4dcbb8270c\gdx-platform-1.9.8-natives-desktop.jar;D:\Users\tim\.gradle\caches\modules-2\files-2.1\com.badlogicgames.gdx\gdx-box2d-platform\1.9.8\3195b56f82751d7cd7de85edb6824d17bf479781\gdx-box2d-platform-1.9.8-natives-desktop.jar;D:\Users\tim\.gradle\caches\modules-2\files-2.1\com.badlogicgames.gdx\gdx\1.9.8\a35a0076fbce873f9c2d5a1a1c8066244231bb3c\gdx-1.9.8.jar;D
Launcher Type: SUN_STANDARD

Environment Variables:
PATH=D:\ProgramData\Oracle\Java\javapath;D:\Windows\system32;D:\Windows;D:\Windows\System32\Wbem;D:\Windows\System32\WindowsPowerShell\v1.0\;D:\Program Files (x86)\GtkSharp\2.12\bin
USERNAME=tim
OS=Windows_NT
PROCESSOR_IDENTIFIER=Intel64 Family 6 Model 58 Stepping 9, GenuineIntel



---------------  S Y S T E M  ---------------

OS: Windows 7 , 64 bit Build 7601 (6.1.7601.23391)

CPU:total 4 (2 cores per cpu, 2 threads per core) family 6 model 58 stepping 9, cmov, cx8, fxsr, mmx, sse, sse2, sse3, ssse3, sse4.1, sse4.2, popcnt, avx, clmul, erms, ht, tsc, tscinvbit, tscinv

Memory: 4k page, physical 4066668k(1195536k free), swap 8131480k(4598992k free)

vm_info: OpenJDK 64-Bit Server VM (25.112-b06) for windows-amd64 JRE (1.8.0_112-release-b06), built on Dec  8 2016 00:54:26 by "builder" with MS VC++ 10.0 (VS2010)

time: Sun Apr 08 13:21:08 2018
elapsed time: 7 seconds (0d 0h 0m 7s)

